<?xml version="1.0" encoding="UTF-8"?>
<testng-results total="1" passed="1" failed="0" skipped="0">
  <reporter-output>
    <line>
      <![CDATA[Application opened]]>
    </line>
  </reporter-output>
  <suite started-at="2023-03-06T07:38:45Z" name="Default suite" finished-at="2023-03-06T07:38:53Z" duration-ms="7681">
    <groups>
    </groups>
    <test started-at="2023-03-06T07:38:45Z" name="Default test" finished-at="2023-03-06T07:38:53Z" duration-ms="7681">
      <class name="com.hrms.testscripts.Log4j_TC001">
        <test-method signature="tc001()[pri:0, instance:com.hrms.testscripts.Log4j_TC001@79e4c792]" started-at="2023-03-06T13:08:45Z" name="tc001" finished-at="2023-03-06T13:08:53Z" duration-ms="7657" status="PASS">
          <reporter-output>
            <line>
              <![CDATA[Application opened]]>
            </line>
          </reporter-output>
        </test-method> <!-- tc001 -->
      </class> <!-- com.hrms.testscripts.Log4j_TC001 -->
    </test> <!-- Default test -->
  </suite> <!-- Default suite -->
</testng-results>
